<?xml version="1.0" encoding="UTF-8"?>
<!-- Generated by org.testng.reporters.JUnitXMLReporter -->
<testsuite hostname="DESKTOP-F6N51LF" ignored="0" name="Default test" tests="4" failures="0" timestamp="03 Jun 2018 07:14:31 GMT" time="34.097" errors="0">
  <testcase name="loginAndLogout" time="2.071" classname="testcases.TC002_LoginForFailure"/>
  <testcase name="loginAndLogout" time="1.955" classname="testcases.TC002_LoginForFailure"/>
  <testcase name="loginAndLogout" time="1.915" classname="testcases.TC002_LoginForFailure"/>
  <testcase name="loginAndLogout" time="1.91" classname="testcases.TC002_LoginForFailure"/>
</testsuite> <!-- Default test -->
